twa/app/build/outputs/mapping/release/seeds.txt
app.web.dhipycare.twa.LauncherActivity
app.web.dhipycare.twa.DelegationService
app.web.dhipycare.twa.Application
app.web.dhipycare.twa.LauncherActivity: LauncherActivity()
app.web.dhipycare.twa.Application: Application()
app.web.dhipycare.twa.DelegationService: DelegationService()
...
androidx.core.graphics.drawable.IconCompat$Api23Impl: android.graphics.drawable.Icon toIcon(androidx.core.graphics.drawable.IconCompat,android.content.Context)
androidx.core.app.NotificationManagerCompat$Api26Impl: void deleteNotificationChannel(android.app.NotificationManager,java.lang.String)
androidx.core.app.RemoteActionCompatParcelizer: RemoteActionCompatParcelizer()
androidx.core.app.NotificationManagerCompat$Api26Impl: android.app.NotificationChannel getNotificationChannel(android.app.NotificationManager,java.lang.String)
androidx.core.app.NotificationManagerCompat$Api26Impl: java.lang.String getId(android.app.NotificationChannelGroup)
androidx.profileinstaller.ProfileInstallerInitializer$Choreographer16Impl: void postFrameCallback(java.lang.Runnable)
androidx.core.app.ActivityCompat$Api23Impl: void onSharedElementsReady(java.lang.Object)
androidx.profileinstaller.ProfileInstallerInitializer$Handler28Impl: android.os.Handler createAsync(android.os.Looper)
androidx.core.app.NotificationManagerCompat$Api24Impl: int getImportance(android.app.NotificationManager)
androidx.core.graphics.drawable.IconCompatParcelizer: IconCompatParcelizer()
androidx.core.app.ActivityCompat$Api23Impl: boolean shouldShowRequestPermissionRationale(android.app.Activity,java.lang.String)
android.support.v4.graphics.drawable.IconCompatParcelizer: IconCompatParcelizer()
androidx.core.graphics.drawable.IconCompat$Api28Impl: int getResId(java.lang.Object)
androidx.core.app.RemoteActionCompatParcelizer: void write(androidx.core.app.RemoteActionCompat,androidx.versionedparcelable.VersionedParcel)
android.support.v4.app.RemoteActionCompatParcelizer: void write(androidx.core.app.RemoteActionCompat,androidx.versionedparcelable.VersionedParcel)
androidx.core.graphics.drawable.IconCompat$Api26Impl: android.graphics.drawable.Icon createWithAdaptiveBitmap(android.graphics.Bitmap)
androidx.core.graphics.drawable.IconCompat$Api23Impl: android.graphics.drawable.Drawable loadDrawable(android.graphics.drawable.Icon,android.content.Context)
androidx.profileinstaller.ProfileInstallReceiver: ProfileInstallReceiver()
androidx.core.graphics.drawable.DrawableCompat$Api23Impl: int getLayoutDirection(android.graphics.drawable.Drawable)
androidx.core.app.NotificationManagerCompat$Api26Impl: void createNotificationChannel(android.app.NotificationManager,android.app.NotificationChannel)
androidx.core.app.NotificationManagerCompat$Api26Impl: java.util.List getNotificationChannelGroups(android.app.NotificationManager)
androidx.core.app.NotificationManagerCompat$Api26Impl: void createNotificationChannels(android.app.NotificationManager,java.util.List)
androidx.core.content.ContextCompat$Api21Impl: android.graphics.drawable.Drawable getDrawable(android.content.Context,int)
androidx.core.content.FileProvider: FileProvider()
com.google.androidbrowserhelper.trusted.WebViewFallbackActivity: WebViewFallbackActivity()
androidx.core.content.ContextCompat$Api21Impl: java.io.File getNoBackupFilesDir(android.content.Context)
androidx.core.app.ActivityCompat$Api23Impl: void requestPermissions(android.app.Activity,java.lang.String[],int)
androidx.core.graphics.drawable.IconCompat$Api28Impl: java.lang.String getResPackage(java.lang.Object)
androidx.core.graphics.drawable.DrawableCompat$Api23Impl: boolean setLayoutDirection(android.graphics.drawable.Drawable,int)
androidx.core.app.NotificationManagerCompat$Api24Impl: boolean areNotificationsEnabled(android.app.NotificationManager)
androidx.core.graphics.drawable.IconCompat$Api30Impl: android.graphics.drawable.Icon createWithAdaptiveBitmapContentUri(android.net.Uri)
com.google.androidbrowserhelper.trusted.NotificationPermissionRequestActivity: NotificationPermissionRequestActivity()
androidx.browser.browseractions.BrowserActionsFallbackMenuView: BrowserActionsFallbackMenuView(android.content.Context,android.util.AttributeSet)
androidx.profileinstaller.ProfileInstallerInitializer: ProfileInstallerInitializer()