twa/app/build/outputs/mapping/release/mapping.txt
# compiler: R8
# compiler_version: 8.9.32
# min_api: 21
# common_typos_disable
# {"id":"com.android.tools.r8.mapping","version":"2.2"}
# pg_map_id: 93860bd
# pg_map_hash: SHA-256 93860bdeeab4f9b0a951efd3c048fb0a3442e27003b643e4b268872dbb4a9373
app.web.dhipycare.twa.Application -> app.web.dhipycare.twa.Application:
# {"id":"sourceFile","fileName":"Application.java"}
    1:4:void <init>():20:20 -> <init>
    1:4:void onCreate():26:26 -> onCreate
app.web.dhipycare.twa.DelegationService -> app.web.dhipycare.twa.DelegationService:
# {"id":"sourceFile","fileName":"DelegationService.java"}
    1:4:void <init>():5:5 -> <init>
    1:4:void onCreate():9:9 -> onCreate
app.web.dhipycare.twa.LauncherActivity -> app.web.dhipycare.twa.LauncherActivity:
# {"id":"sourceFile","fileName":"LauncherActivity.java"}
    1:4:void <init>():25:25 -> <init>
    1:5:android.net.Uri getLaunchingUrl():48:48 -> h
    1:3:void onCreate(android.os.Bundle):33:33 -> onCreate
    4:11:void onCreate(android.os.Bundle):38:38 -> onCreate
    12:16:void onCreate(android.os.Bundle):39:39 -> onCreate
    17:20:void onCreate(android.os.Bundle):41:41 -> onCreate
...
com.google.androidbrowserhelper.trusted.ChromeOsSupport -> o.c:
# {"id":"sourceFile","fileName":"ChromeOsSupport.java"}
    1:7:boolean isRunningOnArc(android.content.pm.PackageManager):33:33 -> a
com.google.androidbrowserhelper.trusted.ChromeUpdatePrompt -> o.d:
# {"id":"sourceFile","fileName":"ChromeUpdatePrompt.java"}
    1:16:boolean chromeNeedsUpdate(android.content.pm.PackageManager,java.lang.String):51:51 -> a
    1:9:void promptIfNeeded(android.content.Context,java.lang.String):42:42 -> b
    10:20:void promptIfNeeded(android.content.Context,java.lang.String):43:43 -> b
    21:26:void promptIfNeeded(android.content.Context,java.lang.String):47:47 -> b
    1:5:void showToastIfResourceExists(android.content.Context,java.lang.String):61:61 -> c
    6:9:void showToastIfResourceExists(android.content.Context,java.lang.String):62:62 -> c
    10:17:void showToastIfResourceExists(android.content.Context,java.lang.String):61:61 -> c
    18:25:void showToastIfResourceExists(android.content.Context,java.lang.String):65:65 -> c
com.google.androidbrowserhelper.trusted.DelegationService -> o.e:
# {"id":"sourceFile","fileName":"DelegationService.java"}
    java.util.List mExtraCommandHandlers -> d
    com.google.androidbrowserhelper.trusted.SharedPreferencesTokenStore mTokenStore -> e
      # {"id":"com.android.tools.r8.residualsignature","signature":"Lo/C;"}
    1:3:void <init>():40:40 -> <init>
    4:10:void <init>():37:37 -> <init>
    11:19:void <init>():41:41 -> <init>
    1:4:androidx.browser.trusted.TokenStore getTokenStore():50:50 -> c
      # {"id":"com.android.tools.r8.residualsignature","signature":"()Lf/n;"}
    5:11:androidx.browser.trusted.TokenStore getTokenStore():51:51 -> c
    12:15:androidx.browser.trusted.TokenStore getTokenStore():53:53 -> c
    16:21:androidx.browser.trusted.TokenStore getTokenStore():54:54 -> c
    22:32:androidx.browser.trusted.TokenStore getTokenStore():58:58 -> c
    33:35:androidx.browser.trusted.TokenStore getTokenStore():62:62 -> c
    1:18:android.os.Bundle onExtraCommand(java.lang.String,android.os.Bundle,androidx.browser.trusted.TrustedWebActivityCallbackRemote):69:69 -> f
      # {"id":"com.android.tools.r8.residualsignature","signature":"(Ljava/lang/String;Landroid/os/Bundle;Lf/o;)Landroid/os/Bundle;"}
    19:22:android.os.Bundle onExtraCommand(java.lang.String,android.os.Bundle,androidx.browser.trusted.TrustedWebActivityCallbackRemote):70:70 -> f
com.google.androidbrowserhelper.trusted.ExtraCommandHandler -> o.f:
# {"id":"sourceFile","fileName":"ExtraCommandHandler.java"}
    android.os.Bundle handleExtraCommand(android.content.Context,java.lang.String,android.os.Bundle,androidx.browser.trusted.TrustedWebActivityCallbackRemote) -> a
      # {"id":"com.android.tools.r8.residualsignature","signature":"(Landroid/content/Context;Ljava/lang/String;Landroid/os/Bundle;Lf/o;)Landroid/os/Bundle;"}