twa/app/build/outputs/mapping/release/usage.txt
app.web.dhipycare.twa.R$bool
app.web.dhipycare.twa.R$color
app.web.dhipycare.twa.R$drawable
app.web.dhipycare.twa.R$integer
app.web.dhipycare.twa.R$mipmap
app.web.dhipycare.twa.R$raw
app.web.dhipycare.twa.R$string
app.web.dhipycare.twa.R$xml
app.web.dhipycare.twa.R
...
org.intellij.lang.annotations.JdkConstants$TabLayoutPolicy
org.intellij.lang.annotations.JdkConstants$TabPlacement
org.intellij.lang.annotations.JdkConstants$TitledBorderJustification
org.intellij.lang.annotations.JdkConstants$TitledBorderTitlePosition
org.intellij.lang.annotations.JdkConstants$TreeSelectionMode
org.intellij.lang.annotations.JdkConstants$VerticalScrollBarPolicy
org.intellij.lang.annotations.JdkConstants
org.intellij.lang.annotations.Language
org.intellij.lang.annotations.MagicConstant
org.intellij.lang.annotations.Pattern
org.intellij.lang.annotations.PrintFormat
org.intellij.lang.annotations.PrintFormatPattern
org.intellij.lang.annotations.RegExp
org.intellij.lang.annotations.Subst
org.jetbrains.annotations.ApiStatus$AvailableSince
org.jetbrains.annotations.ApiStatus$Experimental
org.jetbrains.annotations.ApiStatus$Internal
org.jetbrains.annotations.ApiStatus$NonExtendable
org.jetbrains.annotations.ApiStatus$OverrideOnly
org.jetbrains.annotations.ApiStatus$ScheduledForRemoval
org.jetbrains.annotations.ApiStatus
org.jetbrains.annotations.Async$Execute
org.jetbrains.annotations.Async$Schedule
org.jetbrains.annotations.Async
org.jetbrains.annotations.Blocking
org.jetbrains.annotations.BlockingExecutor
org.jetbrains.annotations.Contract
org.jetbrains.annotations.Debug$Renderer
org.jetbrains.annotations.Debug
org.jetbrains.annotations.MustBeInvokedByOverriders
org.jetbrains.annotations.Nls$Capitalization
org.jetbrains.annotations.Nls
org.jetbrains.annotations.NonBlocking
org.jetbrains.annotations.NonBlockingExecutor
org.jetbrains.annotations.NonNls
org.jetbrains.annotations.NotNull
org.jetbrains.annotations.Nullable
org.jetbrains.annotations.PropertyKey
org.jetbrains.annotations.Range
org.jetbrains.annotations.TestOnly
org.jetbrains.annotations.UnknownNullability
org.jetbrains.annotations.Unmodifiable
org.jetbrains.annotations.UnmodifiableView
org.jetbrains.annotations.VisibleForTesting
org.jspecify.annotations.NonNull
org.jspecify.annotations.NullMarked
org.jspecify.annotations.NullUnmarked
org.jspecify.annotations.Nullable
androidx.browser.trusted.FileHandlingData
androidx.browser.trusted.TrustedWebActivityIntentBuilder:
    private androidx.browser.trusted.FileHandlingData mFileHandlingData
androidx.concurrent.futures.AbstractResolvableFuture$$InternalSyntheticThrowCCEIfNotNull$8$1c3a97020e5d8ba432870127fac478e1919a76bbbbeea4542d7e48788773e2a5$0
androidx.concurrent.futures.AbstractResolvableFuture$$InternalSyntheticThrowCCEIfNotNull$8$5468c06d8017681e6113cc82283d8dd430c2c54f59efafb379e08cf867058ebd$0
androidx.concurrent.futures.AbstractResolvableFuture$$InternalSyntheticThrowCCEIfNotNull$8$55dea8fb21d2d9b463eef9ac6e0028a5ce984ce53c3e30d133ce76e755bdaf0a$0
androidx.concurrent.futures.AbstractResolvableFuture$Failure$1
androidx.concurrent.futures.AbstractResolvableFuture$Failure:
    static final androidx.concurrent.futures.AbstractResolvableFuture$Failure FALLBACK_INSTANCE
    static void <clinit>()
    void <init>(java.lang.Throwable)
androidx.concurrent.futures.AbstractResolvableFuture$SetFuture
androidx.concurrent.futures.AbstractResolvableFuture:
    static java.lang.Object checkNotNull(java.lang.Object)
    static java.lang.Object getFutureValue(com.google.common.util.concurrent.ListenableFuture)
androidx.core.app.ActivityCompat$$InternalSyntheticThrowCCEIfNotNull$8$87f5f3ee39a507a821c0cac2c41ae97972cc2fd75bcf9c839fb098eb6d4675fb$0
androidx.core.app.ActivityCompat$1$$InternalSyntheticThrowCCEIfNotNull$8$a4650200ea34729841d2251593f2c5754b8e758eca88770c25593bc1ba2598de$0
androidx.core.app.ActivityCompat$1
androidx.core.app.ActivityCompat$OnRequestPermissionsResultCallback
androidx.core.app.ActivityCompat$PermissionCompatDelegate
androidx.core.app.ActivityCompat$RequestPermissionsRequestCodeValidator
androidx.core.app.ActivityCompat:
    private static androidx.core.app.ActivityCompat$PermissionCompatDelegate sDelegate